Determining if the pthread_create exist failed with the following output:
Change Dir: /home/julien/catkin_ws/src/velodyne_tracking/include/osm/osm-history-splitter-master/build/CMakeFiles/CMakeTmp

Run Build Command:"/usr/bin/make" "cmTC_d9477/fast"
/usr/bin/make -f CMakeFiles/cmTC_d9477.dir/build.make CMakeFiles/cmTC_d9477.dir/build
make[1] : on entre dans le répertoire « /home/julien/catkin_ws/src/velodyne_tracking/include/osm/osm-history-splitter-master/build/CMakeFiles/CMakeTmp »
Building C object CMakeFiles/cmTC_d9477.dir/CheckSymbolExists.c.o
/usr/bin/cc     -o CMakeFiles/cmTC_d9477.dir/CheckSymbolExists.c.o   -c /home/julien/catkin_ws/src/velodyne_tracking/include/osm/osm-history-splitter-master/build/CMakeFiles/CMakeTmp/CheckSymbolExists.c
Linking C executable cmTC_d9477
/usr/bin/cmake -E cmake_link_script CMakeFiles/cmTC_d9477.dir/link.txt --verbose=1
/usr/bin/cc       CMakeFiles/cmTC_d9477.dir/CheckSymbolExists.c.o  -o cmTC_d9477 -rdynamic 
CMakeFiles/cmTC_d9477.dir/CheckSymbolExists.c.o : Dans la fonction « main » :
CheckSymbolExists.c:(.text+0x16) : référence indéfinie vers « pthread_create »
collect2: error: ld returned 1 exit status
CMakeFiles/cmTC_d9477.dir/build.make:97 : la recette pour la cible « cmTC_d9477 » a échouée
make[1]: *** [cmTC_d9477] Erreur 1
make[1] : on quitte le répertoire « /home/julien/catkin_ws/src/velodyne_tracking/include/osm/osm-history-splitter-master/build/CMakeFiles/CMakeTmp »
Makefile:126 : la recette pour la cible « cmTC_d9477/fast » a échouée
make: *** [cmTC_d9477/fast] Erreur 2

File /home/julien/catkin_ws/src/velodyne_tracking/include/osm/osm-history-splitter-master/build/CMakeFiles/CMakeTmp/CheckSymbolExists.c:
/* */
#include <pthread.h>

int main(int argc, char** argv)
{
  (void)argv;
#ifndef pthread_create
  return ((int*)(&pthread_create))[argc];
#else
  (void)argc;
  return 0;
#endif
}

Determining if the function pthread_create exists in the pthreads failed with the following output:
Change Dir: /home/julien/catkin_ws/src/velodyne_tracking/include/osm/osm-history-splitter-master/build/CMakeFiles/CMakeTmp

Run Build Command:"/usr/bin/make" "cmTC_67bd4/fast"
/usr/bin/make -f CMakeFiles/cmTC_67bd4.dir/build.make CMakeFiles/cmTC_67bd4.dir/build
make[1] : on entre dans le répertoire « /home/julien/catkin_ws/src/velodyne_tracking/include/osm/osm-history-splitter-master/build/CMakeFiles/CMakeTmp »
Building C object CMakeFiles/cmTC_67bd4.dir/CheckFunctionExists.c.o
/usr/bin/cc    -DCHECK_FUNCTION_EXISTS=pthread_create   -o CMakeFiles/cmTC_67bd4.dir/CheckFunctionExists.c.o   -c /usr/share/cmake-3.5/Modules/CheckFunctionExists.c
Linking C executable cmTC_67bd4
/usr/bin/cmake -E cmake_link_script CMakeFiles/cmTC_67bd4.dir/link.txt --verbose=1
/usr/bin/cc   -DCHECK_FUNCTION_EXISTS=pthread_create    CMakeFiles/cmTC_67bd4.dir/CheckFunctionExists.c.o  -o cmTC_67bd4 -rdynamic -lpthreads 
/usr/bin/ld : ne peut trouver -lpthreads
collect2: error: ld returned 1 exit status
CMakeFiles/cmTC_67bd4.dir/build.make:97 : la recette pour la cible « cmTC_67bd4 » a échouée
make[1]: *** [cmTC_67bd4] Erreur 1
make[1] : on quitte le répertoire « /home/julien/catkin_ws/src/velodyne_tracking/include/osm/osm-history-splitter-master/build/CMakeFiles/CMakeTmp »
Makefile:126 : la recette pour la cible « cmTC_67bd4/fast » a échouée
make: *** [cmTC_67bd4/fast] Erreur 2


